    Updating git repository `https://github.com/MystenLabs/sui`
  Installing sui v1.70.2 (https://github.com/MystenLabs/sui?branch=testnet#334717ff)
    Updating git repository `https://github.com/amnn/async-graphql`
    Updating git submodule `https://github.com/async-graphql/examples`
    Updating git repository `https://github.com/mystenlabs/anemo.git`
    Updating crates.io index
    Updating git repository `https://github.com/nextest-rs/datatest-stable.git`
    Updating git repository `https://github.com/MystenLabs/fastcrypto`
    Updating git repository `https://github.com/zhiburt/tabled/`
    Updating git repository `https://github.com/MystenLabs/sui-rust-sdk.git`
    Updating git repository `https://github.com/MystenLabs/mysten-sim.git`
    Updating git repository `https://github.com/0xsiddharthks/alloy-multiprovider-strategy`
    Updating git repository `https://github.com/mystenmark/async-task`
    Updating git repository `https://github.com/MystenLabs/tokio-msim-fork.git`
error: failed to compile `sui v1.70.2 (https://github.com/MystenLabs/sui?branch=testnet#334717ff)`, intermediate artifacts can be found at `C:\Users\Justi\AppData\Local\Temp\cargo-install9TtNSg`.
To reuse those artifacts with a future compilation, set the environment variable `CARGO_TARGET_DIR` to that path.

Caused by:
  failed to select a version for the requirement `core2 = "^0.4.0"`
    version 0.4.0 is yanked
  location searched: crates.io index
  required by package `multihash v0.17.0`
      ... which satisfies dependency `multihash = "^0.17"` of package `multiaddr v0.17.0`
      ... which satisfies dependency `multiaddr = "^0.17.0"` of package `mysten-network v0.2.0 (C:\Users\Justi\.cargo\git\checkouts\sui-e0a047c8ed89192d\334717f\crates\mysten-network)`
      ... which satisfies path dependency `mysten-network` of package `sui-indexer-alt-consistent-store v1.70.2 (C:\Users\Justi\.cargo\git\checkouts\sui-e0a047c8ed89192d\334717f\crates\sui-indexer-alt-consistent-store)`
      ... which satisfies path dependency `sui-indexer-alt-consistent-store` of package `sui v1.70.2 (C:\Users\Justi\.cargo\git\checkouts\sui-e0a047c8ed89192d\334717f\crates\sui)`
