npm warn exec The following package was not found and will be installed: playwright@1.59.1
╔═══════════════════════════════════════════════════════════════════════════════╗
║ WARNING: It looks like you are running 'npx playwright install' without first ║
║ installing your project's dependencies.                                       ║
║                                                                               ║
║ To avoid unexpected behavior, please install your dependencies first, and     ║
║ then run Playwright's install command:                                        ║
║                                                                               ║
║     npm install                                                               ║
║     npx playwright install                                                    ║
║                                                                               ║
║ If your project does not yet depend on Playwright, first install the          ║
║ applicable npm package (most commonly @playwright/test), and                  ║
║ then run Playwright's install command to download the browsers:               ║
║                                                                               ║
║     npm install @playwright/test                                              ║
║     npx playwright install                                                    ║
║                                                                               ║
╚═══════════════════════════════════════════════════════════════════════════════╝
Downloading Chrome for Testing 147.0.7727.15 (playwright chromium v1217)[2m from https://cdn.playwright.dev/builds/cft/147.0.7727.15/win64/chrome-win64.zip[22m
|                                                                                |   0% of 179.4 MiB
|■■■■■■■■                                                                        |  10% of 179.4 MiB
|■■■■■■■■■■■■■■■■                                                                |  20% of 179.4 MiB
|■■■■■■■■■■■■■■■■■■■■■■■■                                                        |  30% of 179.4 MiB
|■■■■■■■■■■■■■■■■■■■■■■■■■■■■■■■■                                                |  40% of 179.4 MiB
|■■■■■■■■■■■■■■■■■■■■■■■■■■■■■■■■■■■■■■■■                                        |  50% of 179.4 MiB
|■■■■■■■■■■■■■■■■■■■■■■■■■■■■■■■■■■■■■■■■■■■■■■■■                                |  60% of 179.4 MiB
|■■■■■■■■■■■■■■■■■■■■■■■■■■■■■■■■■■■■■■■■■■■■■■■■■■■■■■■■                        |  70% of 179.4 MiB
|■■■■■■■■■■■■■■■■■■■■■■■■■■■■■■■■■■■■■■■■■■■■■■■■■■■■■■■■■■■■■■■■                |  80% of 179.4 MiB
|■■■■■■■■■■■■■■■■■■■■■■■■■■■■■■■■■■■■■■■■■■■■■■■■■■■■■■■■■■■■■■■■■■■■■■■■        |  90% of 179.4 MiB
|■■■■■■■■■■■■■■■■■■■■■■■■■■■■■■■■■■■■■■■■■■■■■■■■■■■■■■■■■■■■■■■■■■■■■■■■■■■■■■■■| 100% of 179.4 MiB
Chrome for Testing 147.0.7727.15 (playwright chromium v1217) downloaded to C:\Users\Justi\AppData\Local\ms-playwright\chromium-1217
Downloading FFmpeg (playwright ffmpeg v1011)[2m from https://cdn.playwright.dev/dbazure/download/playwright/builds/ffmpeg/1011/ffmpeg-win64.zip[22m
|                                                                                |   1% of 1.3 MiB
|■■■■■■■■                                                                        |  11% of 1.3 MiB
|■■■■■■■■■■■■■■■■                                                                |  21% of 1.3 MiB
|■■■■■■■■■■■■■■■■■■■■■■■■                                                        |  30% of 1.3 MiB
|■■■■■■■■■■■■■■■■■■■■■■■■■■■■■■■■                                                |  40% of 1.3 MiB
|■■■■■■■■■■■■■■■■■■■■■■■■■■■■■■■■■■■■■■■■                                        |  50% of 1.3 MiB
|■■■■■■■■■■■■■■■■■■■■■■■■■■■■■■■■■■■■■■■■■■■■■■■■                                |  60% of 1.3 MiB
|■■■■■■■■■■■■■■■■■■■■■■■■■■■■■■■■■■■■■■■■■■■■■■■■■■■■■■■■                        |  70% of 1.3 MiB
|■■■■■■■■■■■■■■■■■■■■■■■■■■■■■■■■■■■■■■■■■■■■■■■■■■■■■■■■■■■■■■■■                |  80% of 1.3 MiB
|■■■■■■■■■■■■■■■■■■■■■■■■■■■■■■■■■■■■■■■■■■■■■■■■■■■■■■■■■■■■■■■■■■■■■■■■        |  90% of 1.3 MiB
|■■■■■■■■■■■■■■■■■■■■■■■■■■■■■■■■■■■■■■■■■■■■■■■■■■■■■■■■■■■■■■■■■■■■■■■■■■■■■■■■| 100% of 1.3 MiB
FFmpeg (playwright ffmpeg v1011) downloaded to C:\Users\Justi\AppData\Local\ms-playwright\ffmpeg-1011
Downloading Chrome Headless Shell 147.0.7727.15 (playwright chromium-headless-shell v1217)[2m from https://cdn.playwright.dev/builds/cft/147.0.7727.15/win64/chrome-headless-shell-win64.zip[22m
|                                                                                |   0% of 111.5 MiB
|■■■■■■■■                                                                        |  10% of 111.5 MiB
|■■■■■■■■■■■■■■■■                                                                |  20% of 111.5 MiB
|■■■■■■■■■■■■■■■■■■■■■■■■                                                        |  30% of 111.5 MiB
|■■■■■■■■■■■■■■■■■■■■■■■■■■■■■■■■                                                |  40% of 111.5 MiB
|■■■■■■■■■■■■■■■■■■■■■■■■■■■■■■■■■■■■■■■■                                        |  50% of 111.5 MiB
|■■■■■■■■■■■■■■■■■■■■■■■■■■■■■■■■■■■■■■■■■■■■■■■■                                |  60% of 111.5 MiB
|■■■■■■■■■■■■■■■■■■■■■■■■■■■■■■■■■■■■■■■■■■■■■■■■■■■■■■■■                        |  70% of 111.5 MiB
|■■■■■■■■■■■■■■■■■■■■■■■■■■■■■■■■■■■■■■■■■■■■■■■■■■■■■■■■■■■■■■■■                |  80% of 111.5 MiB
|■■■■■■■■■■■■■■■■■■■■■■■■■■■■■■■■■■■■■■■■■■■■■■■■■■■■■■■■■■■■■■■■■■■■■■■■        |  90% of 111.5 MiB
|■■■■■■■■■■■■■■■■■■■■■■■■■■■■■■■■■■■■■■■■■■■■■■■■■■■■■■■■■■■■■■■■■■■■■■■■■■■■■■■■| 100% of 111.5 MiB
Chrome Headless Shell 147.0.7727.15 (playwright chromium-headless-shell v1217) downloaded to C:\Users\Justi\AppData\Local\ms-playwright\chromium_headless_shell-1217
Downloading Winldd (playwright winldd v1007)[2m from https://cdn.playwright.dev/dbazure/download/playwright/builds/winldd/1007/winldd-win64.zip[22m
|■■■■■■■■                                                                        |  12% of 0.1 MiB
|■■■■■■■■■■■■■■■■                                                                |  25% of 0.1 MiB
|■■■■■■■■■■■■■■■■■■■■■■■■                                                        |  38% of 0.1 MiB
|■■■■■■■■■■■■■■■■■■■■■■■■■■■■■■■■■■■■■■■■                                        |  51% of 0.1 MiB
|■■■■■■■■■■■■■■■■■■■■■■■■■■■■■■■■■■■■■■■■■■■■■■■■■■■■■■■■                        |  70% of 0.1 MiB
|■■■■■■■■■■■■■■■■■■■■■■■■■■■■■■■■■■■■■■■■■■■■■■■■■■■■■■■■■■■■■■■■                |  89% of 0.1 MiB
|■■■■■■■■■■■■■■■■■■■■■■■■■■■■■■■■■■■■■■■■■■■■■■■■■■■■■■■■■■■■■■■■■■■■■■■■■■■■■■■■| 100% of 0.1 MiB
Winldd (playwright winldd v1007) downloaded to C:\Users\Justi\AppData\Local\ms-playwright\winldd-1007
